CRITICAL - 2023-03-25 21:20:12 --> Invalid file: {0}
#0 C:\xampp\htdocs\Fixity_new\user\system\View\View.php(198): CodeIgniter\Exceptions\FrameworkException::forInvalidFile('fixityHome/js/f...')
#1 C:\xampp\htdocs\Fixity_new\user\system\Common.php(1089): CodeIgniter\View\View->render('fixityHome/js/f...', Array, true)
#2 C:\xampp\htdocs\Fixity_new\user\app\Views\layout\footer.php(150): view('fixityHome/js/f...')
#3 C:\xampp\htdocs\Fixity_new\user\system\View\View.php(210): include('C:\\xampp\\htdocs...')
#4 C:\xampp\htdocs\Fixity_new\user\system\View\View.php(213): CodeIgniter\View\View->CodeIgniter\View\{closure}()
#5 C:\xampp\htdocs\Fixity_new\user\system\Common.php(1089): CodeIgniter\View\View->render('layout/footer', Array, true)
#6 C:\xampp\htdocs\Fixity_new\user\app\Views\layout\content.php(43): view('layout/footer', Array)
#7 C:\xampp\htdocs\Fixity_new\user\system\View\View.php(210): include('C:\\xampp\\htdocs...')
#8 C:\xampp\htdocs\Fixity_new\user\system\View\View.php(213): CodeIgniter\View\View->CodeIgniter\View\{closure}()
#9 C:\xampp\htdocs\Fixity_new\user\system\Common.php(1089): CodeIgniter\View\View->render('layout/content', Array, true)
#10 C:\xampp\htdocs\Fixity_new\user\app\Controllers\fixityHome.php(60): view('layout/content', Array)
#11 C:\xampp\htdocs\Fixity_new\user\system\CodeIgniter.php(828): App\Controllers\fixityHome->service()
#12 C:\xampp\htdocs\Fixity_new\user\system\CodeIgniter.php(415): CodeIgniter\CodeIgniter->runController(Object(App\Controllers\fixityHome))
#13 C:\xampp\htdocs\Fixity_new\user\system\CodeIgniter.php(323): CodeIgniter\CodeIgniter->handleRequest(NULL, Object(Config\Cache), false)
#14 C:\xampp\htdocs\Fixity_new\user\index.php(37): CodeIgniter\CodeIgniter->run()
#15 {main}
CRITICAL - 2023-03-25 21:21:14 --> Invalid file: {0}
#0 C:\xampp\htdocs\Fixity_new\user\system\View\View.php(198): CodeIgniter\Exceptions\FrameworkException::forInvalidFile('fixityHome/js/f...')
#1 C:\xampp\htdocs\Fixity_new\user\system\Common.php(1089): CodeIgniter\View\View->render('fixityHome/js/f...', Array, true)
#2 C:\xampp\htdocs\Fixity_new\user\app\Views\layout\footer.php(150): view('fixityHome/js/f...')
#3 C:\xampp\htdocs\Fixity_new\user\system\View\View.php(210): include('C:\\xampp\\htdocs...')
#4 C:\xampp\htdocs\Fixity_new\user\system\View\View.php(213): CodeIgniter\View\View->CodeIgniter\View\{closure}()
#5 C:\xampp\htdocs\Fixity_new\user\system\Common.php(1089): CodeIgniter\View\View->render('layout/footer', Array, true)
#6 C:\xampp\htdocs\Fixity_new\user\app\Views\layout\content.php(43): view('layout/footer', Array)
#7 C:\xampp\htdocs\Fixity_new\user\system\View\View.php(210): include('C:\\xampp\\htdocs...')
#8 C:\xampp\htdocs\Fixity_new\user\system\View\View.php(213): CodeIgniter\View\View->CodeIgniter\View\{closure}()
#9 C:\xampp\htdocs\Fixity_new\user\system\Common.php(1089): CodeIgniter\View\View->render('layout/content', Array, true)
#10 C:\xampp\htdocs\Fixity_new\user\app\Controllers\fixityHome.php(60): view('layout/content', Array)
#11 C:\xampp\htdocs\Fixity_new\user\system\CodeIgniter.php(828): App\Controllers\fixityHome->service()
#12 C:\xampp\htdocs\Fixity_new\user\system\CodeIgniter.php(415): CodeIgniter\CodeIgniter->runController(Object(App\Controllers\fixityHome))
#13 C:\xampp\htdocs\Fixity_new\user\system\CodeIgniter.php(323): CodeIgniter\CodeIgniter->handleRequest(NULL, Object(Config\Cache), false)
#14 C:\xampp\htdocs\Fixity_new\user\index.php(37): CodeIgniter\CodeIgniter->run()
#15 {main}
CRITICAL - 2023-03-25 21:22:40 --> Invalid file: {0}
#0 C:\xampp\htdocs\Fixity_new\user\system\View\View.php(198): CodeIgniter\Exceptions\FrameworkException::forInvalidFile('fixityHome/js/f...')
#1 C:\xampp\htdocs\Fixity_new\user\system\Common.php(1089): CodeIgniter\View\View->render('fixityHome/js/f...', Array, true)
#2 C:\xampp\htdocs\Fixity_new\user\app\Views\layout\footer.php(150): view('fixityHome/js/f...')
#3 C:\xampp\htdocs\Fixity_new\user\system\View\View.php(210): include('C:\\xampp\\htdocs...')
#4 C:\xampp\htdocs\Fixity_new\user\system\View\View.php(213): CodeIgniter\View\View->CodeIgniter\View\{closure}()
#5 C:\xampp\htdocs\Fixity_new\user\system\Common.php(1089): CodeIgniter\View\View->render('layout/footer', Array, true)
#6 C:\xampp\htdocs\Fixity_new\user\app\Views\layout\content.php(43): view('layout/footer', Array)
#7 C:\xampp\htdocs\Fixity_new\user\system\View\View.php(210): include('C:\\xampp\\htdocs...')
#8 C:\xampp\htdocs\Fixity_new\user\system\View\View.php(213): CodeIgniter\View\View->CodeIgniter\View\{closure}()
#9 C:\xampp\htdocs\Fixity_new\user\system\Common.php(1089): CodeIgniter\View\View->render('layout/content', Array, true)
#10 C:\xampp\htdocs\Fixity_new\user\app\Controllers\fixityHome.php(60): view('layout/content', Array)
#11 C:\xampp\htdocs\Fixity_new\user\system\CodeIgniter.php(828): App\Controllers\fixityHome->service()
#12 C:\xampp\htdocs\Fixity_new\user\system\CodeIgniter.php(415): CodeIgniter\CodeIgniter->runController(Object(App\Controllers\fixityHome))
#13 C:\xampp\htdocs\Fixity_new\user\system\CodeIgniter.php(323): CodeIgniter\CodeIgniter->handleRequest(NULL, Object(Config\Cache), false)
#14 C:\xampp\htdocs\Fixity_new\user\index.php(37): CodeIgniter\CodeIgniter->run()
#15 {main}
CRITICAL - 2023-03-25 21:24:07 --> Invalid file: {0}
#0 C:\xampp\htdocs\Fixity_new\user\system\View\View.php(198): CodeIgniter\Exceptions\FrameworkException::forInvalidFile('fixityHome/js/f...')
#1 C:\xampp\htdocs\Fixity_new\user\system\Common.php(1089): CodeIgniter\View\View->render('fixityHome/js/f...', Array, true)
#2 C:\xampp\htdocs\Fixity_new\user\app\Views\layout\footer.php(150): view('fixityHome/js/f...')
#3 C:\xampp\htdocs\Fixity_new\user\system\View\View.php(210): include('C:\\xampp\\htdocs...')
#4 C:\xampp\htdocs\Fixity_new\user\system\View\View.php(213): CodeIgniter\View\View->CodeIgniter\View\{closure}()
#5 C:\xampp\htdocs\Fixity_new\user\system\Common.php(1089): CodeIgniter\View\View->render('layout/footer', Array, true)
#6 C:\xampp\htdocs\Fixity_new\user\app\Views\layout\content.php(43): view('layout/footer', Array)
#7 C:\xampp\htdocs\Fixity_new\user\system\View\View.php(210): include('C:\\xampp\\htdocs...')
#8 C:\xampp\htdocs\Fixity_new\user\system\View\View.php(213): CodeIgniter\View\View->CodeIgniter\View\{closure}()
#9 C:\xampp\htdocs\Fixity_new\user\system\Common.php(1089): CodeIgniter\View\View->render('layout/content', Array, true)
#10 C:\xampp\htdocs\Fixity_new\user\app\Controllers\fixityHome.php(60): view('layout/content', Array)
#11 C:\xampp\htdocs\Fixity_new\user\system\CodeIgniter.php(828): App\Controllers\fixityHome->service_page()
#12 C:\xampp\htdocs\Fixity_new\user\system\CodeIgniter.php(415): CodeIgniter\CodeIgniter->runController(Object(App\Controllers\fixityHome))
#13 C:\xampp\htdocs\Fixity_new\user\system\CodeIgniter.php(323): CodeIgniter\CodeIgniter->handleRequest(NULL, Object(Config\Cache), false)
#14 C:\xampp\htdocs\Fixity_new\user\index.php(37): CodeIgniter\CodeIgniter->run()
#15 {main}
CRITICAL - 2023-03-25 21:26:46 --> Invalid file: {0}
#0 C:\xampp\htdocs\Fixity_new\user\system\View\View.php(198): CodeIgniter\Exceptions\FrameworkException::forInvalidFile('fixityHome/js/f...')
#1 C:\xampp\htdocs\Fixity_new\user\system\Common.php(1089): CodeIgniter\View\View->render('fixityHome/js/f...', Array, true)
#2 C:\xampp\htdocs\Fixity_new\user\app\Views\layout\footer.php(150): view('fixityHome/js/f...')
#3 C:\xampp\htdocs\Fixity_new\user\system\View\View.php(210): include('C:\\xampp\\htdocs...')
#4 C:\xampp\htdocs\Fixity_new\user\system\View\View.php(213): CodeIgniter\View\View->CodeIgniter\View\{closure}()
#5 C:\xampp\htdocs\Fixity_new\user\system\Common.php(1089): CodeIgniter\View\View->render('layout/footer', Array, true)
#6 C:\xampp\htdocs\Fixity_new\user\app\Views\layout\content.php(43): view('layout/footer', Array)
#7 C:\xampp\htdocs\Fixity_new\user\system\View\View.php(210): include('C:\\xampp\\htdocs...')
#8 C:\xampp\htdocs\Fixity_new\user\system\View\View.php(213): CodeIgniter\View\View->CodeIgniter\View\{closure}()
#9 C:\xampp\htdocs\Fixity_new\user\system\Common.php(1089): CodeIgniter\View\View->render('layout/content', Array, true)
#10 C:\xampp\htdocs\Fixity_new\user\app\Controllers\fixityHome.php(60): view('layout/content', Array)
#11 C:\xampp\htdocs\Fixity_new\user\system\CodeIgniter.php(828): App\Controllers\fixityHome->service_page()
#12 C:\xampp\htdocs\Fixity_new\user\system\CodeIgniter.php(415): CodeIgniter\CodeIgniter->runController(Object(App\Controllers\fixityHome))
#13 C:\xampp\htdocs\Fixity_new\user\system\CodeIgniter.php(323): CodeIgniter\CodeIgniter->handleRequest(NULL, Object(Config\Cache), false)
#14 C:\xampp\htdocs\Fixity_new\user\index.php(37): CodeIgniter\CodeIgniter->run()
#15 {main}
CRITICAL - 2023-03-25 21:27:54 --> Invalid file: {0}
#0 C:\xampp\htdocs\Fixity_new\user\system\View\View.php(198): CodeIgniter\Exceptions\FrameworkException::forInvalidFile('fixityHome/js/f...')
#1 C:\xampp\htdocs\Fixity_new\user\system\Common.php(1089): CodeIgniter\View\View->render('fixityHome/js/f...', Array, true)
#2 C:\xampp\htdocs\Fixity_new\user\app\Views\layout\footer.php(150): view('fixityHome/js/f...')
#3 C:\xampp\htdocs\Fixity_new\user\system\View\View.php(210): include('C:\\xampp\\htdocs...')
#4 C:\xampp\htdocs\Fixity_new\user\system\View\View.php(213): CodeIgniter\View\View->CodeIgniter\View\{closure}()
#5 C:\xampp\htdocs\Fixity_new\user\system\Common.php(1089): CodeIgniter\View\View->render('layout/footer', Array, true)
#6 C:\xampp\htdocs\Fixity_new\user\app\Views\layout\content.php(43): view('layout/footer', Array)
#7 C:\xampp\htdocs\Fixity_new\user\system\View\View.php(210): include('C:\\xampp\\htdocs...')
#8 C:\xampp\htdocs\Fixity_new\user\system\View\View.php(213): CodeIgniter\View\View->CodeIgniter\View\{closure}()
#9 C:\xampp\htdocs\Fixity_new\user\system\Common.php(1089): CodeIgniter\View\View->render('layout/content', Array, true)
#10 C:\xampp\htdocs\Fixity_new\user\app\Controllers\fixityHome.php(60): view('layout/content', Array)
#11 C:\xampp\htdocs\Fixity_new\user\system\CodeIgniter.php(828): App\Controllers\fixityHome->service_page()
#12 C:\xampp\htdocs\Fixity_new\user\system\CodeIgniter.php(415): CodeIgniter\CodeIgniter->runController(Object(App\Controllers\fixityHome))
#13 C:\xampp\htdocs\Fixity_new\user\system\CodeIgniter.php(323): CodeIgniter\CodeIgniter->handleRequest(NULL, Object(Config\Cache), false)
#14 C:\xampp\htdocs\Fixity_new\user\index.php(37): CodeIgniter\CodeIgniter->run()
#15 {main}
CRITICAL - 2023-03-25 21:29:39 --> Invalid file: {0}
#0 C:\xampp\htdocs\Fixity_new\user\system\View\View.php(198): CodeIgniter\Exceptions\FrameworkException::forInvalidFile('fixityHome/js/f...')
#1 C:\xampp\htdocs\Fixity_new\user\system\Common.php(1089): CodeIgniter\View\View->render('fixityHome/js/f...', Array, true)
#2 C:\xampp\htdocs\Fixity_new\user\app\Views\layout\footer.php(150): view('fixityHome/js/f...')
#3 C:\xampp\htdocs\Fixity_new\user\system\View\View.php(210): include('C:\\xampp\\htdocs...')
#4 C:\xampp\htdocs\Fixity_new\user\system\View\View.php(213): CodeIgniter\View\View->CodeIgniter\View\{closure}()
#5 C:\xampp\htdocs\Fixity_new\user\system\Common.php(1089): CodeIgniter\View\View->render('layout/footer', Array, true)
#6 C:\xampp\htdocs\Fixity_new\user\app\Views\layout\content.php(43): view('layout/footer', Array)
#7 C:\xampp\htdocs\Fixity_new\user\system\View\View.php(210): include('C:\\xampp\\htdocs...')
#8 C:\xampp\htdocs\Fixity_new\user\system\View\View.php(213): CodeIgniter\View\View->CodeIgniter\View\{closure}()
#9 C:\xampp\htdocs\Fixity_new\user\system\Common.php(1089): CodeIgniter\View\View->render('layout/content', Array, true)
#10 C:\xampp\htdocs\Fixity_new\user\app\Controllers\fixityHome.php(60): view('layout/content', Array)
#11 C:\xampp\htdocs\Fixity_new\user\system\CodeIgniter.php(828): App\Controllers\fixityHome->service_page()
#12 C:\xampp\htdocs\Fixity_new\user\system\CodeIgniter.php(415): CodeIgniter\CodeIgniter->runController(Object(App\Controllers\fixityHome))
#13 C:\xampp\htdocs\Fixity_new\user\system\CodeIgniter.php(323): CodeIgniter\CodeIgniter->handleRequest(NULL, Object(Config\Cache), false)
#14 C:\xampp\htdocs\Fixity_new\user\index.php(37): CodeIgniter\CodeIgniter->run()
#15 {main}
CRITICAL - 2023-03-25 22:15:26 --> Invalid file: {0}
#0 C:\xampp\htdocs\Fixity_new\user\system\View\View.php(198): CodeIgniter\Exceptions\FrameworkException::forInvalidFile('product/quilkde...')
#1 C:\xampp\htdocs\Fixity_new\user\system\Common.php(1089): CodeIgniter\View\View->render('product/quilkde...', Array, true)
#2 C:\xampp\htdocs\Fixity_new\user\app\Views\layout\content.php(31): view('product/quilkde...')
#3 C:\xampp\htdocs\Fixity_new\user\system\View\View.php(210): include('C:\\xampp\\htdocs...')
#4 C:\xampp\htdocs\Fixity_new\user\system\View\View.php(213): CodeIgniter\View\View->CodeIgniter\View\{closure}()
#5 C:\xampp\htdocs\Fixity_new\user\system\Common.php(1089): CodeIgniter\View\View->render('layout/content', Array, true)
#6 C:\xampp\htdocs\Fixity_new\user\app\Controllers\Product.php(23): view('layout/content', Array)
#7 C:\xampp\htdocs\Fixity_new\user\system\CodeIgniter.php(828): App\Controllers\Product->deal()
#8 C:\xampp\htdocs\Fixity_new\user\system\CodeIgniter.php(415): CodeIgniter\CodeIgniter->runController(Object(App\Controllers\Product))
#9 C:\xampp\htdocs\Fixity_new\user\system\CodeIgniter.php(323): CodeIgniter\CodeIgniter->handleRequest(NULL, Object(Config\Cache), false)
#10 C:\xampp\htdocs\Fixity_new\user\index.php(37): CodeIgniter\CodeIgniter->run()
#11 {main}
CRITICAL - 2023-03-25 22:16:31 --> Invalid file: {0}
#0 C:\xampp\htdocs\Fixity_new\user\system\View\View.php(198): CodeIgniter\Exceptions\FrameworkException::forInvalidFile('product/quilkde...')
#1 C:\xampp\htdocs\Fixity_new\user\system\Common.php(1089): CodeIgniter\View\View->render('product/quilkde...', Array, true)
#2 C:\xampp\htdocs\Fixity_new\user\app\Views\layout\content.php(31): view('product/quilkde...')
#3 C:\xampp\htdocs\Fixity_new\user\system\View\View.php(210): include('C:\\xampp\\htdocs...')
#4 C:\xampp\htdocs\Fixity_new\user\system\View\View.php(213): CodeIgniter\View\View->CodeIgniter\View\{closure}()
#5 C:\xampp\htdocs\Fixity_new\user\system\Common.php(1089): CodeIgniter\View\View->render('layout/content', Array, true)
#6 C:\xampp\htdocs\Fixity_new\user\app\Controllers\Product.php(23): view('layout/content', Array)
#7 C:\xampp\htdocs\Fixity_new\user\system\CodeIgniter.php(828): App\Controllers\Product->deal()
#8 C:\xampp\htdocs\Fixity_new\user\system\CodeIgniter.php(415): CodeIgniter\CodeIgniter->runController(Object(App\Controllers\Product))
#9 C:\xampp\htdocs\Fixity_new\user\system\CodeIgniter.php(323): CodeIgniter\CodeIgniter->handleRequest(NULL, Object(Config\Cache), false)
#10 C:\xampp\htdocs\Fixity_new\user\index.php(37): CodeIgniter\CodeIgniter->run()
#11 {main}
